[0.070s] Invoking command in '/home/sebab/ARS_final_project/build/turtlebot3_fake_node': CMAKE_PREFIX_PATH=/opt/ros/humble /usr/bin/cmake /home/sebab/ARS_final_project/src/turtlebot3_simulations/turtlebot3_fake_node -DAMENT_CMAKE_SYMLINK_INSTALL=1 -DCMAKE_INSTALL_PREFIX=/home/sebab/ARS_final_project/install/turtlebot3_fake_node
[0.103s] -- The C compiler identification is GNU 11.4.0
[0.141s] -- The CXX compiler identification is GNU 11.4.0
[0.145s] -- Detecting C compiler ABI info
[0.186s] -- Detecting C compiler ABI info - done
[0.191s] -- Check for working C compiler: /usr/bin/cc - skipped
[0.191s] -- Detecting C compile features
[0.191s] -- Detecting C compile features - done
[0.193s] -- Detecting CXX compiler ABI info
[0.241s] -- Detecting CXX compiler ABI info - done
[0.245s] -- Check for working CXX compiler: /usr/bin/c++ - skipped
[0.246s] -- Detecting CXX compile features
[0.246s] -- Detecting CXX compile features - done
[0.247s] -- Found ament_cmake: 1.3.6 (/opt/ros/humble/share/ament_cmake/cmake)
[0.353s] -- Found Python3: /usr/bin/python3.10 (found version "3.10.12") found components: Interpreter 
[0.389s] -- Override CMake install command with custom implementation using symlinks instead of copying resources
[0.413s] -- Found geometry_msgs: 4.2.3 (/opt/ros/humble/share/geometry_msgs/cmake)
[0.436s] -- Found rosidl_generator_c: 3.1.5 (/opt/ros/humble/share/rosidl_generator_c/cmake)
[0.439s] -- Found rosidl_adapter: 3.1.5 (/opt/ros/humble/share/rosidl_adapter/cmake)
[0.444s] -- Found rosidl_generator_cpp: 3.1.5 (/opt/ros/humble/share/rosidl_generator_cpp/cmake)
[0.452s] -- Using all available rosidl_typesupport_c: rosidl_typesupport_fastrtps_c;rosidl_typesupport_introspection_c
[0.463s] -- Using all available rosidl_typesupport_cpp: rosidl_typesupport_fastrtps_cpp;rosidl_typesupport_introspection_cpp
[0.534s] -- Found nav_msgs: 4.2.3 (/opt/ros/humble/share/nav_msgs/cmake)
[0.586s] -- Found rclcpp: 16.0.7 (/opt/ros/humble/share/rclcpp/cmake)
[0.621s] -- Found rmw_implementation_cmake: 6.1.1 (/opt/ros/humble/share/rmw_implementation_cmake/cmake)
[0.622s] -- Found rmw_cyclonedds_cpp: 1.3.4 (/opt/ros/humble/share/rmw_cyclonedds_cpp/cmake)
[0.641s] -- Using RMW implementation 'rmw_cyclonedds_cpp' as default
[0.647s] -- Looking for pthread.h
[0.690s] -- Looking for pthread.h - found
[0.690s] -- Performing Test CMAKE_HAVE_LIBC_PTHREAD
[0.735s] -- Performing Test CMAKE_HAVE_LIBC_PTHREAD - Success
[0.736s] -- Found Threads: TRUE  
[0.816s] -- Found sensor_msgs: 4.2.3 (/opt/ros/humble/share/sensor_msgs/cmake)
[0.870s] -- Found tf2: 0.25.5 (/opt/ros/humble/share/tf2/cmake)
[0.879s] -- Found tf2_msgs: 0.25.5 (/opt/ros/humble/share/tf2_msgs/cmake)
[0.971s] -- Found turtlebot3_msgs: 2.2.3 (/opt/ros/humble/share/turtlebot3_msgs/cmake)
[1.063s] -- Configuring done
[1.069s] -- Generating done
[1.070s] -- Build files have been written to: /home/sebab/ARS_final_project/build/turtlebot3_fake_node
[1.077s] Invoked command in '/home/sebab/ARS_final_project/build/turtlebot3_fake_node' returned '0': CMAKE_PREFIX_PATH=/opt/ros/humble /usr/bin/cmake /home/sebab/ARS_final_project/src/turtlebot3_simulations/turtlebot3_fake_node -DAMENT_CMAKE_SYMLINK_INSTALL=1 -DCMAKE_INSTALL_PREFIX=/home/sebab/ARS_final_project/install/turtlebot3_fake_node
[1.078s] Invoking command in '/home/sebab/ARS_final_project/build/turtlebot3_fake_node': CMAKE_PREFIX_PATH=/opt/ros/humble /usr/bin/cmake --build /home/sebab/ARS_final_project/build/turtlebot3_fake_node -- -j16 -l16
[1.106s] [ 50%] [32mBuilding CXX object CMakeFiles/turtlebot3_fake_node.dir/src/turtlebot3_fake_node.cpp.o[0m
[2.819s] [01m[K/home/sebab/ARS_final_project/src/turtlebot3_simulations/turtlebot3_fake_node/src/turtlebot3_fake_node.cpp:[m[K In member function â€˜[01m[Kvoid Turtlebot3Fake::init_parameters()[m[Kâ€™:
[2.819s] [01m[K/home/sebab/ARS_final_project/src/turtlebot3_simulations/turtlebot3_fake_node/src/turtlebot3_fake_node.cpp:75:26:[m[K [01;31m[Kerror: [m[Kno matching function for call to â€˜[01m[KTurtlebot3Fake::declare_parameter(const char [19])[m[Kâ€™
[2.819s]    75 |   [01;31m[Kthis->declare_parameter("joint_states_frame")[m[K;
[2.819s]       |   [01;31m[K~~~~~~~~~~~~~~~~~~~~~~~^~~~~~~~~~~~~~~~~~~~~~[m[K
[2.819s] In file included from [01m[K/opt/ros/humble/include/rclcpp/rclcpp/executors/single_threaded_executor.hpp:28[m[K,
[2.819s]                  from [01m[K/opt/ros/humble/include/rclcpp/rclcpp/executors.hpp:22[m[K,
[2.819s]                  from [01m[K/opt/ros/humble/include/rclcpp/rclcpp/rclcpp.hpp:155[m[K,
[2.820s]                  from [01m[K/home/sebab/ARS_final_project/src/turtlebot3_simulations/turtlebot3_fake_node/include/turtlebot3_fake_node/turtlebot3_fake_node.hpp:21[m[K,
[2.820s]                  from [01m[K/home/sebab/ARS_final_project/src/turtlebot3_simulations/turtlebot3_fake_node/src/turtlebot3_fake_node.cpp:17[m[K:
[2.820s] [01m[K/opt/ros/humble/include/rclcpp/rclcpp/node.hpp:421:3:[m[K [01;36m[Knote: [m[Kcandidate: â€˜[01m[Ktemplate<class ParameterT> auto rclcpp::Node::declare_parameter(const string&, const ParameterT&, const ParameterDescriptor&, bool)[m[Kâ€™
[2.820s]   421 |   [01;36m[Kdeclare_parameter[m[K(
[2.820s]       |   [01;36m[K^~~~~~~~~~~~~~~~~[m[K
[2.820s] [01m[K/opt/ros/humble/include/rclcpp/rclcpp/node.hpp:421:3:[m[K [01;36m[Knote: [m[K  template argument deduction/substitution failed:
[2.820s] [01m[K/home/sebab/ARS_final_project/src/turtlebot3_simulations/turtlebot3_fake_node/src/turtlebot3_fake_node.cpp:75:26:[m[K [01;36m[Knote: [m[K  candidate expects 4 arguments, 1 provided
[2.820s]    75 |   [01;36m[Kthis->declare_parameter("joint_states_frame")[m[K;
[2.820s]       |   [01;36m[K~~~~~~~~~~~~~~~~~~~~~~~^~~~~~~~~~~~~~~~~~~~~~[m[K
[2.820s] In file included from [01m[K/opt/ros/humble/include/rclcpp/rclcpp/executors/single_threaded_executor.hpp:28[m[K,
[2.820s]                  from [01m[K/opt/ros/humble/include/rclcpp/rclcpp/executors.hpp:22[m[K,
[2.820s]                  from [01m[K/opt/ros/humble/include/rclcpp/rclcpp/rclcpp.hpp:155[m[K,
[2.820s]                  from [01m[K/home/sebab/ARS_final_project/src/turtlebot3_simulations/turtlebot3_fake_node/include/turtlebot3_fake_node/turtlebot3_fake_node.hpp:21[m[K,
[2.820s]                  from [01m[K/home/sebab/ARS_final_project/src/turtlebot3_simulations/turtlebot3_fake_node/src/turtlebot3_fake_node.cpp:17[m[K:
[2.820s] [01m[K/opt/ros/humble/include/rclcpp/rclcpp/node.hpp:434:3:[m[K [01;36m[Knote: [m[Kcandidate: â€˜[01m[Ktemplate<class ParameterT> auto rclcpp::Node::declare_parameter(const string&, const ParameterDescriptor&, bool)[m[Kâ€™
[2.820s]   434 |   [01;36m[Kdeclare_parameter[m[K(
[2.820s]       |   [01;36m[K^~~~~~~~~~~~~~~~~[m[K
[2.820s] [01m[K/opt/ros/humble/include/rclcpp/rclcpp/node.hpp:434:3:[m[K [01;36m[Knote: [m[K  template argument deduction/substitution failed:
[2.820s] [01m[K/home/sebab/ARS_final_project/src/turtlebot3_simulations/turtlebot3_fake_node/src/turtlebot3_fake_node.cpp:75:26:[m[K [01;36m[Knote: [m[K  couldnâ€™t deduce template parameter â€˜[01m[KParameterT[m[Kâ€™
[2.820s]    75 |   [01;36m[Kthis->declare_parameter("joint_states_frame")[m[K;
[2.820s]       |   [01;36m[K~~~~~~~~~~~~~~~~~~~~~~~^~~~~~~~~~~~~~~~~~~~~~[m[K
[2.820s] In file included from [01m[K/opt/ros/humble/include/rclcpp/rclcpp/executors/single_threaded_executor.hpp:28[m[K,
[2.821s]                  from [01m[K/opt/ros/humble/include/rclcpp/rclcpp/executors.hpp:22[m[K,
[2.821s]                  from [01m[K/opt/ros/humble/include/rclcpp/rclcpp/rclcpp.hpp:155[m[K,
[2.821s]                  from [01m[K/home/sebab/ARS_final_project/src/turtlebot3_simulations/turtlebot3_fake_node/include/turtlebot3_fake_node/turtlebot3_fake_node.hpp:21[m[K,
[2.821s]                  from [01m[K/home/sebab/ARS_final_project/src/turtlebot3_simulations/turtlebot3_fake_node/src/turtlebot3_fake_node.cpp:17[m[K:
[2.821s] [01m[K/opt/ros/humble/include/rclcpp/rclcpp/node.hpp:366:3:[m[K [01;36m[Knote: [m[Kcandidate: â€˜[01m[Kconst rclcpp::ParameterValue& rclcpp::Node::declare_parameter(const string&, const rclcpp::ParameterValue&, const ParameterDescriptor&, bool)[m[Kâ€™
[2.821s]   366 |   [01;36m[Kdeclare_parameter[m[K(
[2.821s]       |   [01;36m[K^~~~~~~~~~~~~~~~~[m[K
[2.821s] [01m[K/opt/ros/humble/include/rclcpp/rclcpp/node.hpp:366:3:[m[K [01;36m[Knote: [m[K  candidate expects 4 arguments, 1 provided
[2.821s] [01m[K/opt/ros/humble/include/rclcpp/rclcpp/node.hpp:391:3:[m[K [01;36m[Knote: [m[Kcandidate: â€˜[01m[Kconst rclcpp::ParameterValue& rclcpp::Node::declare_parameter(const string&, rclcpp::ParameterType, const ParameterDescriptor&, bool)[m[Kâ€™
[2.821s]   391 |   [01;36m[Kdeclare_parameter[m[K(
[2.821s]       |   [01;36m[K^~~~~~~~~~~~~~~~~[m[K
[2.821s] [01m[K/opt/ros/humble/include/rclcpp/rclcpp/node.hpp:391:3:[m[K [01;36m[Knote: [m[K  candidate expects 4 arguments, 1 provided
[2.821s] [01m[K/home/sebab/ARS_final_project/src/turtlebot3_simulations/turtlebot3_fake_node/src/turtlebot3_fake_node.cpp:76:26:[m[K [01;31m[Kerror: [m[Kno matching function for call to â€˜[01m[KTurtlebot3Fake::declare_parameter(const char [11])[m[Kâ€™
[2.821s]    76 |   [01;31m[Kthis->declare_parameter("odom_frame")[m[K;
[2.821s]       |   [01;31m[K~~~~~~~~~~~~~~~~~~~~~~~^~~~~~~~~~~~~~[m[K
[2.821s] In file included from [01m[K/opt/ros/humble/include/rclcpp/rclcpp/executors/single_threaded_executor.hpp:28[m[K,
[2.821s]                  from [01m[K/opt/ros/humble/include/rclcpp/rclcpp/executors.hpp:22[m[K,
[2.821s]                  from [01m[K/opt/ros/humble/include/rclcpp/rclcpp/rclcpp.hpp:155[m[K,
[2.821s]                  from [01m[K/home/sebab/ARS_final_project/src/turtlebot3_simulations/turtlebot3_fake_node/include/turtlebot3_fake_node/turtlebot3_fake_node.hpp:21[m[K,
[2.821s]                  from [01m[K/home/sebab/ARS_final_project/src/turtlebot3_simulations/turtlebot3_fake_node/src/turtlebot3_fake_node.cpp:17[m[K:
[2.821s] [01m[K/opt/ros/humble/include/rclcpp/rclcpp/node.hpp:421:3:[m[K [01;36m[Knote: [m[Kcandidate: â€˜[01m[Ktemplate<class ParameterT> auto rclcpp::Node::declare_parameter(const string&, const ParameterT&, const ParameterDescriptor&, bool)[m[Kâ€™
[2.821s]   421 |   [01;36m[Kdeclare_parameter[m[K(
[2.821s]       |   [01;36m[K^~~~~~~~~~~~~~~~~[m[K
[2.821s] [01m[K/opt/ros/humble/include/rclcpp/rclcpp/node.hpp:421:3:[m[K [01;36m[Knote: [m[K  template argument deduction/substitution failed:
[2.821s] [01m[K/home/sebab/ARS_final_project/src/turtlebot3_simulations/turtlebot3_fake_node/src/turtlebot3_fake_node.cpp:76:26:[m[K [01;36m[Knote: [m[K  candidate expects 4 arguments, 1 provided
[2.821s]    76 |   [01;36m[Kthis->declare_parameter("odom_frame")[m[K;
[2.821s]       |   [01;36m[K~~~~~~~~~~~~~~~~~~~~~~~^~~~~~~~~~~~~~[m[K
[2.821s] In file included from [01m[K/opt/ros/humble/include/rclcpp/rclcpp/executors/single_threaded_executor.hpp:28[m[K,
[2.821s]                  from [01m[K/opt/ros/humble/include/rclcpp/rclcpp/executors.hpp:22[m[K,
[2.822s]                  from [01m[K/opt/ros/humble/include/rclcpp/rclcpp/rclcpp.hpp:155[m[K,
[2.822s]                  from [01m[K/home/sebab/ARS_final_project/src/turtlebot3_simulations/turtlebot3_fake_node/include/turtlebot3_fake_node/turtlebot3_fake_node.hpp:21[m[K,
[2.822s]                  from [01m[K/home/sebab/ARS_final_project/src/turtlebot3_simulations/turtlebot3_fake_node/src/turtlebot3_fake_node.cpp:17[m[K:
[2.822s] [01m[K/opt/ros/humble/include/rclcpp/rclcpp/node.hpp:434:3:[m[K [01;36m[Knote: [m[Kcandidate: â€˜[01m[Ktemplate<class ParameterT> auto rclcpp::Node::declare_parameter(const string&, const ParameterDescriptor&, bool)[m[Kâ€™
[2.822s]   434 |   [01;36m[Kdeclare_parameter[m[K(
[2.822s]       |   [01;36m[K^~~~~~~~~~~~~~~~~[m[K
[2.822s] [01m[K/opt/ros/humble/include/rclcpp/rclcpp/node.hpp:434:3:[m[K [01;36m[Knote: [m[K  template argument deduction/substitution failed:
[2.822s] [01m[K/home/sebab/ARS_final_project/src/turtlebot3_simulations/turtlebot3_fake_node/src/turtlebot3_fake_node.cpp:76:26:[m[K [01;36m[Knote: [m[K  couldnâ€™t deduce template parameter â€˜[01m[KParameterT[m[Kâ€™
[2.822s]    76 |   [01;36m[Kthis->declare_parameter("odom_frame")[m[K;
[2.822s]       |   [01;36m[K~~~~~~~~~~~~~~~~~~~~~~~^~~~~~~~~~~~~~[m[K
[2.822s] In file included from [01m[K/opt/ros/humble/include/rclcpp/rclcpp/executors/single_threaded_executor.hpp:28[m[K,
[2.822s]                  from [01m[K/opt/ros/humble/include/rclcpp/rclcpp/executors.hpp:22[m[K,
[2.822s]                  from [01m[K/opt/ros/humble/include/rclcpp/rclcpp/rclcpp.hpp:155[m[K,
[2.822s]                  from [01m[K/home/sebab/ARS_final_project/src/turtlebot3_simulations/turtlebot3_fake_node/include/turtlebot3_fake_node/turtlebot3_fake_node.hpp:21[m[K,
[2.822s]                  from [01m[K/home/sebab/ARS_final_project/src/turtlebot3_simulations/turtlebot3_fake_node/src/turtlebot3_fake_node.cpp:17[m[K:
[2.822s] [01m[K/opt/ros/humble/include/rclcpp/rclcpp/node.hpp:366:3:[m[K [01;36m[Knote: [m[Kcandidate: â€˜[01m[Kconst rclcpp::ParameterValue& rclcpp::Node::declare_parameter(const string&, const rclcpp::ParameterValue&, const ParameterDescriptor&, bool)[m[Kâ€™
[2.822s]   366 |   [01;36m[Kdeclare_parameter[m[K(
[2.822s]       |   [01;36m[K^~~~~~~~~~~~~~~~~[m[K
[2.822s] [01m[K/opt/ros/humble/include/rclcpp/rclcpp/node.hpp:366:3:[m[K [01;36m[Knote: [m[K  candidate expects 4 arguments, 1 provided
[2.822s] [01m[K/opt/ros/humble/include/rclcpp/rclcpp/node.hpp:391:3:[m[K [01;36m[Knote: [m[Kcandidate: â€˜[01m[Kconst rclcpp::ParameterValue& rclcpp::Node::declare_parameter(const string&, rclcpp::ParameterType, const ParameterDescriptor&, bool)[m[Kâ€™
[2.822s]   391 |   [01;36m[Kdeclare_parameter[m[K(
[2.822s]       |   [01;36m[K^~~~~~~~~~~~~~~~~[m[K
[2.822s] [01m[K/opt/ros/humble/include/rclcpp/rclcpp/node.hpp:391:3:[m[K [01;36m[Knote: [m[K  candidate expects 4 arguments, 1 provided
[2.822s] [01m[K/home/sebab/ARS_final_project/src/turtlebot3_simulations/turtlebot3_fake_node/src/turtlebot3_fake_node.cpp:77:26:[m[K [01;31m[Kerror: [m[Kno matching function for call to â€˜[01m[KTurtlebot3Fake::declare_parameter(const char [11])[m[Kâ€™
[2.822s]    77 |   [01;31m[Kthis->declare_parameter("base_frame")[m[K;
[2.822s]       |   [01;31m[K~~~~~~~~~~~~~~~~~~~~~~~^~~~~~~~~~~~~~[m[K
[2.822s] In file included from [01m[K/opt/ros/humble/include/rclcpp/rclcpp/executors/single_threaded_executor.hpp:28[m[K,
[2.822s]                  from [01m[K/opt/ros/humble/include/rclcpp/rclcpp/executors.hpp:22[m[K,
[2.822s]                  from [01m[K/opt/ros/humble/include/rclcpp/rclcpp/rclcpp.hpp:155[m[K,
[2.822s]                  from [01m[K/home/sebab/ARS_final_project/src/turtlebot3_simulations/turtlebot3_fake_node/include/turtlebot3_fake_node/turtlebot3_fake_node.hpp:21[m[K,
[2.823s]                  from [01m[K/home/sebab/ARS_final_project/src/turtlebot3_simulations/turtlebot3_fake_node/src/turtlebot3_fake_node.cpp:17[m[K:
[2.823s] [01m[K/opt/ros/humble/include/rclcpp/rclcpp/node.hpp:421:3:[m[K [01;36m[Knote: [m[Kcandidate: â€˜[01m[Ktemplate<class ParameterT> auto rclcpp::Node::declare_parameter(const string&, const ParameterT&, const ParameterDescriptor&, bool)[m[Kâ€™
[2.823s]   421 |   [01;36m[Kdeclare_parameter[m[K(
[2.823s]       |   [01;36m[K^~~~~~~~~~~~~~~~~[m[K
[2.823s] [01m[K/opt/ros/humble/include/rclcpp/rclcpp/node.hpp:421:3:[m[K [01;36m[Knote: [m[K  template argument deduction/substitution failed:
[2.823s] [01m[K/home/sebab/ARS_final_project/src/turtlebot3_simulations/turtlebot3_fake_node/src/turtlebot3_fake_node.cpp:77:26:[m[K [01;36m[Knote: [m[K  candidate expects 4 arguments, 1 provided
[2.823s]    77 |   [01;36m[Kthis->declare_parameter("base_frame")[m[K;
[2.823s]       |   [01;36m[K~~~~~~~~~~~~~~~~~~~~~~~^~~~~~~~~~~~~~[m[K
[2.823s] In file included from [01m[K/opt/ros/humble/include/rclcpp/rclcpp/executors/single_threaded_executor.hpp:28[m[K,
[2.823s]                  from [01m[K/opt/ros/humble/include/rclcpp/rclcpp/executors.hpp:22[m[K,
[2.823s]                  from [01m[K/opt/ros/humble/include/rclcpp/rclcpp/rclcpp.hpp:155[m[K,
[2.823s]                  from [01m[K/home/sebab/ARS_final_project/src/turtlebot3_simulations/turtlebot3_fake_node/include/turtlebot3_fake_node/turtlebot3_fake_node.hpp:21[m[K,
[2.823s]                  from [01m[K/home/sebab/ARS_final_project/src/turtlebot3_simulations/turtlebot3_fake_node/src/turtlebot3_fake_node.cpp:17[m[K:
[2.823s] [01m[K/opt/ros/humble/include/rclcpp/rclcpp/node.hpp:434:3:[m[K [01;36m[Knote: [m[Kcandidate: â€˜[01m[Ktemplate<class ParameterT> auto rclcpp::Node::declare_parameter(const string&, const ParameterDescriptor&, bool)[m[Kâ€™
[2.823s]   434 |   [01;36m[Kdeclare_parameter[m[K(
[2.823s]       |   [01;36m[K^~~~~~~~~~~~~~~~~[m[K
[2.823s] [01m[K/opt/ros/humble/include/rclcpp/rclcpp/node.hpp:434:3:[m[K [01;36m[Knote: [m[K  template argument deduction/substitution failed:
[2.823s] [01m[K/home/sebab/ARS_final_project/src/turtlebot3_simulations/turtlebot3_fake_node/src/turtlebot3_fake_node.cpp:77:26:[m[K [01;36m[Knote: [m[K  couldnâ€™t deduce template parameter â€˜[01m[KParameterT[m[Kâ€™
[2.823s]    77 |   [01;36m[Kthis->declare_parameter("base_frame")[m[K;
[2.823s]       |   [01;36m[K~~~~~~~~~~~~~~~~~~~~~~~^~~~~~~~~~~~~~[m[K
[2.823s] In file included from [01m[K/opt/ros/humble/include/rclcpp/rclcpp/executors/single_threaded_executor.hpp:28[m[K,
[2.823s]                  from [01m[K/opt/ros/humble/include/rclcpp/rclcpp/executors.hpp:22[m[K,
[2.823s]                  from [01m[K/opt/ros/humble/include/rclcpp/rclcpp/rclcpp.hpp:155[m[K,
[2.823s]                  from [01m[K/home/sebab/ARS_final_project/src/turtlebot3_simulations/turtlebot3_fake_node/include/turtlebot3_fake_node/turtlebot3_fake_node.hpp:21[m[K,
[2.823s]                  from [01m[K/home/sebab/ARS_final_project/src/turtlebot3_simulations/turtlebot3_fake_node/src/turtlebot3_fake_node.cpp:17[m[K:
[2.823s] [01m[K/opt/ros/humble/include/rclcpp/rclcpp/node.hpp:366:3:[m[K [01;36m[Knote: [m[Kcandidate: â€˜[01m[Kconst rclcpp::ParameterValue& rclcpp::Node::declare_parameter(const string&, const rclcpp::ParameterValue&, const ParameterDescriptor&, bool)[m[Kâ€™
[2.823s]   366 |   [01;36m[Kdeclare_parameter[m[K(
[2.823s]       |   [01;36m[K^~~~~~~~~~~~~~~~~[m[K
[2.823s] [01m[K/opt/ros/humble/include/rclcpp/rclcpp/node.hpp:366:3:[m[K [01;36m[Knote: [m[K  candidate expects 4 arguments, 1 provided
[2.823s] [01m[K/opt/ros/humble/include/rclcpp/rclcpp/node.hpp:391:3:[m[K [01;36m[Knote: [m[Kcandidate: â€˜[01m[Kconst rclcpp::ParameterValue& rclcpp::Node::declare_parameter(const string&, rclcpp::ParameterType, const ParameterDescriptor&, bool)[m[Kâ€™
[2.824s]   391 |   [01;36m[Kdeclare_parameter[m[K(
[2.824s]       |   [01;36m[K^~~~~~~~~~~~~~~~~[m[K
[2.824s] [01m[K/opt/ros/humble/include/rclcpp/rclcpp/node.hpp:391:3:[m[K [01;36m[Knote: [m[K  candidate expects 4 arguments, 1 provided
[2.824s] [01m[K/home/sebab/ARS_final_project/src/turtlebot3_simulations/turtlebot3_fake_node/src/turtlebot3_fake_node.cpp:78:26:[m[K [01;31m[Kerror: [m[Kno matching function for call to â€˜[01m[KTurtlebot3Fake::declare_parameter(const char [18])[m[Kâ€™
[2.824s]    78 |   [01;31m[Kthis->declare_parameter("wheels.separation")[m[K;
[2.824s]       |   [01;31m[K~~~~~~~~~~~~~~~~~~~~~~~^~~~~~~~~~~~~~~~~~~~~[m[K
[2.824s] In file included from [01m[K/opt/ros/humble/include/rclcpp/rclcpp/executors/single_threaded_executor.hpp:28[m[K,
[2.824s]                  from [01m[K/opt/ros/humble/include/rclcpp/rclcpp/executors.hpp:22[m[K,
[2.824s]                  from [01m[K/opt/ros/humble/include/rclcpp/rclcpp/rclcpp.hpp:155[m[K,
[2.824s]                  from [01m[K/home/sebab/ARS_final_project/src/turtlebot3_simulations/turtlebot3_fake_node/include/turtlebot3_fake_node/turtlebot3_fake_node.hpp:21[m[K,
[2.824s]                  from [01m[K/home/sebab/ARS_final_project/src/turtlebot3_simulations/turtlebot3_fake_node/src/turtlebot3_fake_node.cpp:17[m[K:
[2.824s] [01m[K/opt/ros/humble/include/rclcpp/rclcpp/node.hpp:421:3:[m[K [01;36m[Knote: [m[Kcandidate: â€˜[01m[Ktemplate<class ParameterT> auto rclcpp::Node::declare_parameter(const string&, const ParameterT&, const ParameterDescriptor&, bool)[m[Kâ€™
[2.824s]   421 |   [01;36m[Kdeclare_parameter[m[K(
[2.824s]       |   [01;36m[K^~~~~~~~~~~~~~~~~[m[K
[2.824s] [01m[K/opt/ros/humble/include/rclcpp/rclcpp/node.hpp:421:3:[m[K [01;36m[Knote: [m[K  template argument deduction/substitution failed:
[2.824s] [01m[K/home/sebab/ARS_final_project/src/turtlebot3_simulations/turtlebot3_fake_node/src/turtlebot3_fake_node.cpp:78:26:[m[K [01;36m[Knote: [m[K  candidate expects 4 arguments, 1 provided
[2.824s]    78 |   [01;36m[Kthis->declare_parameter("wheels.separation")[m[K;
[2.824s]       |   [01;36m[K~~~~~~~~~~~~~~~~~~~~~~~^~~~~~~~~~~~~~~~~~~~~[m[K
[2.824s] In file included from [01m[K/opt/ros/humble/include/rclcpp/rclcpp/executors/single_threaded_executor.hpp:28[m[K,
[2.824s]                  from [01m[K/opt/ros/humble/include/rclcpp/rclcpp/executors.hpp:22[m[K,
[2.824s]                  from [01m[K/opt/ros/humble/include/rclcpp/rclcpp/rclcpp.hpp:155[m[K,
[2.824s]                  from [01m[K/home/sebab/ARS_final_project/src/turtlebot3_simulations/turtlebot3_fake_node/include/turtlebot3_fake_node/turtlebot3_fake_node.hpp:21[m[K,
[2.824s]                  from [01m[K/home/sebab/ARS_final_project/src/turtlebot3_simulations/turtlebot3_fake_node/src/turtlebot3_fake_node.cpp:17[m[K:
[2.824s] [01m[K/opt/ros/humble/include/rclcpp/rclcpp/node.hpp:434:3:[m[K [01;36m[Knote: [m[Kcandidate: â€˜[01m[Ktemplate<class ParameterT> auto rclcpp::Node::declare_parameter(const string&, const ParameterDescriptor&, bool)[m[Kâ€™
[2.824s]   434 |   [01;36m[Kdeclare_parameter[m[K(
[2.824s]       |   [01;36m[K^~~~~~~~~~~~~~~~~[m[K
[2.824s] [01m[K/opt/ros/humble/include/rclcpp/rclcpp/node.hpp:434:3:[m[K [01;36m[Knote: [m[K  template argument deduction/substitution failed:
[2.824s] [01m[K/home/sebab/ARS_final_project/src/turtlebot3_simulations/turtlebot3_fake_node/src/turtlebot3_fake_node.cpp:78:26:[m[K [01;36m[Knote: [m[K  couldnâ€™t deduce template parameter â€˜[01m[KParameterT[m[Kâ€™
[2.824s]    78 |   [01;36m[Kthis->declare_parameter("wheels.separation")[m[K;
[2.824s]       |   [01;36m[K~~~~~~~~~~~~~~~~~~~~~~~^~~~~~~~~~~~~~~~~~~~~[m[K
[2.825s] In file included from [01m[K/opt/ros/humble/include/rclcpp/rclcpp/executors/single_threaded_executor.hpp:28[m[K,
[2.825s]                  from [01m[K/opt/ros/humble/include/rclcpp/rclcpp/executors.hpp:22[m[K,
[2.825s]                  from [01m[K/opt/ros/humble/include/rclcpp/rclcpp/rclcpp.hpp:155[m[K,
[2.825s]                  from [01m[K/home/sebab/ARS_final_project/src/turtlebot3_simulations/turtlebot3_fake_node/include/turtlebot3_fake_node/turtlebot3_fake_node.hpp:21[m[K,
[2.825s]                  from [01m[K/home/sebab/ARS_final_project/src/turtlebot3_simulations/turtlebot3_fake_node/src/turtlebot3_fake_node.cpp:17[m[K:
[2.825s] [01m[K/opt/ros/humble/include/rclcpp/rclcpp/node.hpp:366:3:[m[K [01;36m[Knote: [m[Kcandidate: â€˜[01m[Kconst rclcpp::ParameterValue& rclcpp::Node::declare_parameter(const string&, const rclcpp::ParameterValue&, const ParameterDescriptor&, bool)[m[Kâ€™
[2.825s]   366 |   [01;36m[Kdeclare_parameter[m[K(
[2.825s]       |   [01;36m[K^~~~~~~~~~~~~~~~~[m[K
[2.825s] [01m[K/opt/ros/humble/include/rclcpp/rclcpp/node.hpp:366:3:[m[K [01;36m[Knote: [m[K  candidate expects 4 arguments, 1 provided
[2.825s] [01m[K/opt/ros/humble/include/rclcpp/rclcpp/node.hpp:391:3:[m[K [01;36m[Knote: [m[Kcandidate: â€˜[01m[Kconst rclcpp::ParameterValue& rclcpp::Node::declare_parameter(const string&, rclcpp::ParameterType, const ParameterDescriptor&, bool)[m[Kâ€™
[2.825s]   391 |   [01;36m[Kdeclare_parameter[m[K(
[2.825s]       |   [01;36m[K^~~~~~~~~~~~~~~~~[m[K
[2.825s] [01m[K/opt/ros/humble/include/rclcpp/rclcpp/node.hpp:391:3:[m[K [01;36m[Knote: [m[K  candidate expects 4 arguments, 1 provided
[2.825s] [01m[K/home/sebab/ARS_final_project/src/turtlebot3_simulations/turtlebot3_fake_node/src/turtlebot3_fake_node.cpp:79:26:[m[K [01;31m[Kerror: [m[Kno matching function for call to â€˜[01m[KTurtlebot3Fake::declare_parameter(const char [14])[m[Kâ€™
[2.825s]    79 |   [01;31m[Kthis->declare_parameter("wheels.radius")[m[K;
[2.825s]       |   [01;31m[K~~~~~~~~~~~~~~~~~~~~~~~^~~~~~~~~~~~~~~~~[m[K
[2.825s] In file included from [01m[K/opt/ros/humble/include/rclcpp/rclcpp/executors/single_threaded_executor.hpp:28[m[K,
[2.825s]                  from [01m[K/opt/ros/humble/include/rclcpp/rclcpp/executors.hpp:22[m[K,
[2.825s]                  from [01m[K/opt/ros/humble/include/rclcpp/rclcpp/rclcpp.hpp:155[m[K,
[2.825s]                  from [01m[K/home/sebab/ARS_final_project/src/turtlebot3_simulations/turtlebot3_fake_node/include/turtlebot3_fake_node/turtlebot3_fake_node.hpp:21[m[K,
[2.825s]                  from [01m[K/home/sebab/ARS_final_project/src/turtlebot3_simulations/turtlebot3_fake_node/src/turtlebot3_fake_node.cpp:17[m[K:
[2.825s] [01m[K/opt/ros/humble/include/rclcpp/rclcpp/node.hpp:421:3:[m[K [01;36m[Knote: [m[Kcandidate: â€˜[01m[Ktemplate<class ParameterT> auto rclcpp::Node::declare_parameter(const string&, const ParameterT&, const ParameterDescriptor&, bool)[m[Kâ€™
[2.825s]   421 |   [01;36m[Kdeclare_parameter[m[K(
[2.825s]       |   [01;36m[K^~~~~~~~~~~~~~~~~[m[K
[2.825s] [01m[K/opt/ros/humble/include/rclcpp/rclcpp/node.hpp:421:3:[m[K [01;36m[Knote: [m[K  template argument deduction/substitution failed:
[2.825s] [01m[K/home/sebab/ARS_final_project/src/turtlebot3_simulations/turtlebot3_fake_node/src/turtlebot3_fake_node.cpp:79:26:[m[K [01;36m[Knote: [m[K  candidate expects 4 arguments, 1 provided
[2.825s]    79 |   [01;36m[Kthis->declare_parameter("wheels.radius")[m[K;
[2.825s]       |   [01;36m[K~~~~~~~~~~~~~~~~~~~~~~~^~~~~~~~~~~~~~~~~[m[K
[2.825s] In file included from [01m[K/opt/ros/humble/include/rclcpp/rclcpp/executors/single_threaded_executor.hpp:28[m[K,
[2.825s]                  from [01m[K/opt/ros/humble/include/rclcpp/rclcpp/executors.hpp:22[m[K,
[2.826s]                  from [01m[K/opt/ros/humble/include/rclcpp/rclcpp/rclcpp.hpp:155[m[K,
[2.826s]                  from [01m[K/home/sebab/ARS_final_project/src/turtlebot3_simulations/turtlebot3_fake_node/include/turtlebot3_fake_node/turtlebot3_fake_node.hpp:21[m[K,
[2.826s]                  from [01m[K/home/sebab/ARS_final_project/src/turtlebot3_simulations/turtlebot3_fake_node/src/turtlebot3_fake_node.cpp:17[m[K:
[2.826s] [01m[K/opt/ros/humble/include/rclcpp/rclcpp/node.hpp:434:3:[m[K [01;36m[Knote: [m[Kcandidate: â€˜[01m[Ktemplate<class ParameterT> auto rclcpp::Node::declare_parameter(const string&, const ParameterDescriptor&, bool)[m[Kâ€™
[2.826s]   434 |   [01;36m[Kdeclare_parameter[m[K(
[2.826s]       |   [01;36m[K^~~~~~~~~~~~~~~~~[m[K
[2.826s] [01m[K/opt/ros/humble/include/rclcpp/rclcpp/node.hpp:434:3:[m[K [01;36m[Knote: [m[K  template argument deduction/substitution failed:
[2.826s] [01m[K/home/sebab/ARS_final_project/src/turtlebot3_simulations/turtlebot3_fake_node/src/turtlebot3_fake_node.cpp:79:26:[m[K [01;36m[Knote: [m[K  couldnâ€™t deduce template parameter â€˜[01m[KParameterT[m[Kâ€™
[2.826s]    79 |   [01;36m[Kthis->declare_parameter("wheels.radius")[m[K;
[2.826s]       |   [01;36m[K~~~~~~~~~~~~~~~~~~~~~~~^~~~~~~~~~~~~~~~~[m[K
[2.826s] In file included from [01m[K/opt/ros/humble/include/rclcpp/rclcpp/executors/single_threaded_executor.hpp:28[m[K,
[2.826s]                  from [01m[K/opt/ros/humble/include/rclcpp/rclcpp/executors.hpp:22[m[K,
[2.826s]                  from [01m[K/opt/ros/humble/include/rclcpp/rclcpp/rclcpp.hpp:155[m[K,
[2.826s]                  from [01m[K/home/sebab/ARS_final_project/src/turtlebot3_simulations/turtlebot3_fake_node/include/turtlebot3_fake_node/turtlebot3_fake_node.hpp:21[m[K,
[2.826s]                  from [01m[K/home/sebab/ARS_final_project/src/turtlebot3_simulations/turtlebot3_fake_node/src/turtlebot3_fake_node.cpp:17[m[K:
[2.826s] [01m[K/opt/ros/humble/include/rclcpp/rclcpp/node.hpp:366:3:[m[K [01;36m[Knote: [m[Kcandidate: â€˜[01m[Kconst rclcpp::ParameterValue& rclcpp::Node::declare_parameter(const string&, const rclcpp::ParameterValue&, const ParameterDescriptor&, bool)[m[Kâ€™
[2.826s]   366 |   [01;36m[Kdeclare_parameter[m[K(
[2.826s]       |   [01;36m[K^~~~~~~~~~~~~~~~~[m[K
[2.826s] [01m[K/opt/ros/humble/include/rclcpp/rclcpp/node.hpp:366:3:[m[K [01;36m[Knote: [m[K  candidate expects 4 arguments, 1 provided
[2.826s] [01m[K/opt/ros/humble/include/rclcpp/rclcpp/node.hpp:391:3:[m[K [01;36m[Knote: [m[Kcandidate: â€˜[01m[Kconst rclcpp::ParameterValue& rclcpp::Node::declare_parameter(const string&, rclcpp::ParameterType, const ParameterDescriptor&, bool)[m[Kâ€™
[2.826s]   391 |   [01;36m[Kdeclare_parameter[m[K(
[2.826s]       |   [01;36m[K^~~~~~~~~~~~~~~~~[m[K
[2.826s] [01m[K/opt/ros/humble/include/rclcpp/rclcpp/node.hpp:391:3:[m[K [01;36m[Knote: [m[K  candidate expects 4 arguments, 1 provided
[4.933s] gmake[2]: *** [CMakeFiles/turtlebot3_fake_node.dir/build.make:76: CMakeFiles/turtlebot3_fake_node.dir/src/turtlebot3_fake_node.cpp.o] Error 1
[4.933s] gmake[1]: *** [CMakeFiles/Makefile2:137: CMakeFiles/turtlebot3_fake_node.dir/all] Error 2
[4.933s] gmake: *** [Makefile:146: all] Error 2
[4.935s] Invoked command in '/home/sebab/ARS_final_project/build/turtlebot3_fake_node' returned '2': CMAKE_PREFIX_PATH=/opt/ros/humble /usr/bin/cmake --build /home/sebab/ARS_final_project/build/turtlebot3_fake_node -- -j16 -l16
